mode: set
github.com/plakak13/assessment-tax/admin/handler.go:23.30,25.2 1 1
github.com/plakak13/assessment-tax/admin/handler.go:27.54,31.40 3 1
github.com/plakak13/assessment-tax/admin/handler.go:31.40,33.3 1 1
github.com/plakak13/assessment-tax/admin/handler.go:35.2,37.16 2 1
github.com/plakak13/assessment-tax/admin/handler.go:37.16,39.3 1 1
github.com/plakak13/assessment-tax/admin/handler.go:41.2,42.16 2 1
github.com/plakak13/assessment-tax/admin/handler.go:42.16,44.3 1 1
github.com/plakak13/assessment-tax/admin/handler.go:46.2,46.48 1 1
github.com/plakak13/assessment-tax/admin/handler.go:46.48,49.3 2 1
github.com/plakak13/assessment-tax/admin/handler.go:51.2,51.41 1 1
github.com/plakak13/assessment-tax/admin/handler.go:51.41,54.3 2 1
github.com/plakak13/assessment-tax/admin/handler.go:56.2,62.16 3 1
github.com/plakak13/assessment-tax/admin/handler.go:62.16,64.3 1 1
github.com/plakak13/assessment-tax/admin/handler.go:65.2,66.16 2 1
github.com/plakak13/assessment-tax/admin/handler.go:66.16,68.3 1 1
github.com/plakak13/assessment-tax/admin/handler.go:70.2,70.85 1 1
github.com/plakak13/assessment-tax/postgres/admin.go:15.82,20.16 3 1
github.com/plakak13/assessment-tax/postgres/admin.go:20.16,22.3 1 1
github.com/plakak13/assessment-tax/postgres/admin.go:24.2,24.17 1 1
github.com/plakak13/assessment-tax/postgres/postgres.go:20.31,22.16 2 0
github.com/plakak13/assessment-tax/postgres/postgres.go:22.16,24.3 1 0
github.com/plakak13/assessment-tax/postgres/postgres.go:26.2,29.16 3 0
github.com/plakak13/assessment-tax/postgres/postgres.go:29.16,32.3 2 0
github.com/plakak13/assessment-tax/postgres/postgres.go:33.2,34.16 2 0
github.com/plakak13/assessment-tax/postgres/postgres.go:34.16,36.3 1 0
github.com/plakak13/assessment-tax/postgres/postgres.go:37.2,37.31 1 0
github.com/plakak13/assessment-tax/postgres/tax.go:29.92,31.30 1 1
github.com/plakak13/assessment-tax/postgres/tax.go:31.30,33.3 1 1
github.com/plakak13/assessment-tax/postgres/tax.go:35.2,40.37 4 1
github.com/plakak13/assessment-tax/postgres/tax.go:40.37,43.32 3 1
github.com/plakak13/assessment-tax/postgres/tax.go:43.32,45.4 1 1
github.com/plakak13/assessment-tax/postgres/tax.go:47.2,50.16 3 1
github.com/plakak13/assessment-tax/postgres/tax.go:50.16,52.3 1 1
github.com/plakak13/assessment-tax/postgres/tax.go:54.2,55.16 2 1
github.com/plakak13/assessment-tax/postgres/tax.go:55.16,57.3 1 1
github.com/plakak13/assessment-tax/postgres/tax.go:59.2,61.18 2 1
github.com/plakak13/assessment-tax/postgres/tax.go:61.18,71.17 3 1
github.com/plakak13/assessment-tax/postgres/tax.go:71.17,73.4 1 1
github.com/plakak13/assessment-tax/postgres/tax.go:74.3,81.5 1 1
github.com/plakak13/assessment-tax/postgres/tax.go:84.2,84.16 1 1
github.com/plakak13/assessment-tax/postgres/tax.go:87.54,90.16 3 1
github.com/plakak13/assessment-tax/postgres/tax.go:90.16,92.3 1 0
github.com/plakak13/assessment-tax/postgres/tax.go:94.2,97.18 3 1
github.com/plakak13/assessment-tax/postgres/tax.go:97.18,100.17 3 1
github.com/plakak13/assessment-tax/postgres/tax.go:100.17,102.4 1 1
github.com/plakak13/assessment-tax/postgres/tax.go:103.3,107.5 1 1
github.com/plakak13/assessment-tax/postgres/tax.go:109.2,109.16 1 1
github.com/plakak13/assessment-tax/tax/handler.go:31.30,33.2 1 1
github.com/plakak13/assessment-tax/tax/handler.go:35.60,40.16 3 1
github.com/plakak13/assessment-tax/tax/handler.go:40.16,42.3 1 1
github.com/plakak13/assessment-tax/tax/handler.go:43.2,45.34 2 1
github.com/plakak13/assessment-tax/tax/handler.go:45.34,47.3 1 1
github.com/plakak13/assessment-tax/tax/handler.go:49.2,52.16 3 1
github.com/plakak13/assessment-tax/tax/handler.go:52.16,54.3 1 1
github.com/plakak13/assessment-tax/tax/handler.go:56.2,56.44 1 1
github.com/plakak13/assessment-tax/tax/handler.go:56.44,58.3 1 1
github.com/plakak13/assessment-tax/tax/handler.go:60.2,67.16 5 1
github.com/plakak13/assessment-tax/tax/handler.go:67.16,69.3 1 1
github.com/plakak13/assessment-tax/tax/handler.go:71.2,82.4 5 1
github.com/plakak13/assessment-tax/tax/handler.go:85.56,88.16 2 1
github.com/plakak13/assessment-tax/tax/handler.go:88.16,90.3 1 0
github.com/plakak13/assessment-tax/tax/handler.go:92.2,93.16 2 1
github.com/plakak13/assessment-tax/tax/handler.go:93.16,95.3 1 0
github.com/plakak13/assessment-tax/tax/handler.go:97.2,99.33 2 1
github.com/plakak13/assessment-tax/tax/handler.go:99.33,101.3 1 1
github.com/plakak13/assessment-tax/tax/handler.go:103.2,106.16 3 1
github.com/plakak13/assessment-tax/tax/handler.go:106.16,108.3 1 1
github.com/plakak13/assessment-tax/tax/handler.go:109.2,111.25 2 1
github.com/plakak13/assessment-tax/tax/handler.go:111.25,112.13 1 1
github.com/plakak13/assessment-tax/tax/handler.go:112.13,113.12 1 1
github.com/plakak13/assessment-tax/tax/handler.go:116.3,117.17 2 1
github.com/plakak13/assessment-tax/tax/handler.go:117.17,119.4 1 1
github.com/plakak13/assessment-tax/tax/handler.go:120.3,131.44 2 1
github.com/plakak13/assessment-tax/tax/handler.go:131.44,133.4 1 0
github.com/plakak13/assessment-tax/tax/handler.go:135.3,146.17 4 1
github.com/plakak13/assessment-tax/tax/handler.go:146.17,148.4 1 0
github.com/plakak13/assessment-tax/tax/handler.go:150.3,157.5 3 1
github.com/plakak13/assessment-tax/tax/handler.go:160.2,160.39 1 1
github.com/plakak13/assessment-tax/tax/handler.go:163.68,165.63 1 1
github.com/plakak13/assessment-tax/tax/handler.go:165.63,167.3 1 1
github.com/plakak13/assessment-tax/tax/handler.go:169.2,169.33 1 1
github.com/plakak13/assessment-tax/tax/handler.go:169.33,170.33 1 1
github.com/plakak13/assessment-tax/tax/handler.go:170.33,171.73 1 1
github.com/plakak13/assessment-tax/tax/handler.go:171.73,173.5 1 1
github.com/plakak13/assessment-tax/tax/handler.go:176.2,176.12 1 1
github.com/plakak13/assessment-tax/tax/handler.go:179.77,185.2 4 1
github.com/plakak13/assessment-tax/tax/handler.go:187.62,189.25 2 1
github.com/plakak13/assessment-tax/tax/handler.go:189.25,190.40 1 1
github.com/plakak13/assessment-tax/tax/handler.go:190.40,192.4 1 1
github.com/plakak13/assessment-tax/tax/handler.go:193.3,193.26 1 1
github.com/plakak13/assessment-tax/tax/handler.go:193.26,194.46 1 1
github.com/plakak13/assessment-tax/tax/handler.go:194.46,195.42 1 1
github.com/plakak13/assessment-tax/tax/handler.go:195.42,197.6 1 1
github.com/plakak13/assessment-tax/tax/handler.go:197.11,199.6 1 1
github.com/plakak13/assessment-tax/tax/handler.go:203.2,203.18 1 1
github.com/plakak13/assessment-tax/tax/handler.go:206.41,209.2 2 1
github.com/plakak13/assessment-tax/tax/handler.go:211.46,212.22 1 1
github.com/plakak13/assessment-tax/tax/handler.go:212.22,214.3 1 1
github.com/plakak13/assessment-tax/tax/handler.go:216.2,216.19 1 1
github.com/plakak13/assessment-tax/tax/handler.go:216.19,217.19 1 1
github.com/plakak13/assessment-tax/tax/handler.go:217.19,219.4 1 1
github.com/plakak13/assessment-tax/tax/handler.go:221.2,221.13 1 1
github.com/plakak13/assessment-tax/tax/handler.go:224.44,226.2 1 1
github.com/plakak13/assessment-tax/tax/handler.go:228.55,231.16 2 1
github.com/plakak13/assessment-tax/tax/handler.go:231.16,233.3 1 0
github.com/plakak13/assessment-tax/tax/handler.go:235.2,236.16 2 1
github.com/plakak13/assessment-tax/tax/handler.go:236.16,238.3 1 0
github.com/plakak13/assessment-tax/tax/handler.go:240.2,241.26 2 1
github.com/plakak13/assessment-tax/tax/handler.go:244.44,245.62 1 1
github.com/plakak13/assessment-tax/tax/handler.go:245.62,247.3 1 1
github.com/plakak13/assessment-tax/tax/handler.go:248.2,248.13 1 1
github.com/plakak13/assessment-tax/tax/handler.go:251.86,254.29 3 1
github.com/plakak13/assessment-tax/tax/handler.go:254.29,256.34 2 1
github.com/plakak13/assessment-tax/tax/handler.go:256.34,258.4 1 1
github.com/plakak13/assessment-tax/tax/handler.go:259.3,259.27 1 1
github.com/plakak13/assessment-tax/tax/handler.go:259.27,267.4 2 1
github.com/plakak13/assessment-tax/tax/handler.go:267.9,275.4 2 1
github.com/plakak13/assessment-tax/tax/handler.go:277.2,277.18 1 1
github.com/plakak13/assessment-tax/tax/handler.go:280.52,283.27 2 1
github.com/plakak13/assessment-tax/tax/handler.go:283.27,286.3 2 1
github.com/plakak13/assessment-tax/tax/handler.go:287.2,287.27 1 1
github.com/plakak13/assessment-tax/tax/handler.go:290.59,292.62 1 1
github.com/plakak13/assessment-tax/tax/handler.go:292.62,294.3 1 1
github.com/plakak13/assessment-tax/tax/handler.go:296.2,298.18 2 1
github.com/plakak13/assessment-tax/tax/handler.go:298.18,300.3 1 1
github.com/plakak13/assessment-tax/tax/handler.go:300.8,302.3 1 1
github.com/plakak13/assessment-tax/tax/handler.go:303.2,303.15 1 1
github.com/plakak13/assessment-tax/tax/handler.go:306.65,310.16 3 1
github.com/plakak13/assessment-tax/tax/handler.go:310.16,312.3 1 0
github.com/plakak13/assessment-tax/tax/handler.go:313.2,313.18 1 1
github.com/plakak13/assessment-tax/tax/handler.go:316.69,318.16 2 1
github.com/plakak13/assessment-tax/tax/handler.go:318.16,320.3 1 1
github.com/plakak13/assessment-tax/tax/handler.go:322.2,323.16 2 1
github.com/plakak13/assessment-tax/tax/handler.go:323.16,325.3 1 0
github.com/plakak13/assessment-tax/tax/handler.go:327.2,328.16 2 1
github.com/plakak13/assessment-tax/tax/handler.go:328.16,330.3 1 0
github.com/plakak13/assessment-tax/tax/handler.go:332.2,332.38 1 1
