mode: set
github.com/plakak13/assessment-tax/tax/handler.go:29.30,31.2 1 1
github.com/plakak13/assessment-tax/tax/handler.go:33.60,38.16 3 1
github.com/plakak13/assessment-tax/tax/handler.go:38.16,40.3 1 1
github.com/plakak13/assessment-tax/tax/handler.go:41.2,43.39 2 1
github.com/plakak13/assessment-tax/tax/handler.go:43.39,45.3 1 1
github.com/plakak13/assessment-tax/tax/handler.go:47.2,50.16 3 1
github.com/plakak13/assessment-tax/tax/handler.go:50.16,52.3 1 1
github.com/plakak13/assessment-tax/tax/handler.go:54.2,55.16 2 1
github.com/plakak13/assessment-tax/tax/handler.go:55.16,57.3 1 1
github.com/plakak13/assessment-tax/tax/handler.go:59.2,66.16 5 1
github.com/plakak13/assessment-tax/tax/handler.go:66.16,68.3 1 1
github.com/plakak13/assessment-tax/tax/handler.go:70.2,70.62 1 1
github.com/plakak13/assessment-tax/tax/handler.go:70.62,72.3 1 1
github.com/plakak13/assessment-tax/tax/handler.go:74.2,76.18 2 1
github.com/plakak13/assessment-tax/tax/handler.go:76.18,78.3 1 1
github.com/plakak13/assessment-tax/tax/handler.go:78.8,80.3 1 0
github.com/plakak13/assessment-tax/tax/handler.go:82.2,88.27 5 1
github.com/plakak13/assessment-tax/tax/handler.go:88.27,91.3 2 0
github.com/plakak13/assessment-tax/tax/handler.go:93.2,93.29 1 1
github.com/plakak13/assessment-tax/tax/handler.go:93.29,95.34 2 1
github.com/plakak13/assessment-tax/tax/handler.go:95.34,97.4 1 1
github.com/plakak13/assessment-tax/tax/handler.go:98.3,98.27 1 1
github.com/plakak13/assessment-tax/tax/handler.go:98.27,106.4 2 1
github.com/plakak13/assessment-tax/tax/handler.go:106.9,114.4 2 1
github.com/plakak13/assessment-tax/tax/handler.go:118.2,122.4 1 1
github.com/plakak13/assessment-tax/tax/handler.go:125.56,127.16 2 1
github.com/plakak13/assessment-tax/tax/handler.go:127.16,129.3 1 0
github.com/plakak13/assessment-tax/tax/handler.go:130.2,131.16 2 1
github.com/plakak13/assessment-tax/tax/handler.go:131.16,133.3 1 0
github.com/plakak13/assessment-tax/tax/handler.go:135.2,140.16 4 1
github.com/plakak13/assessment-tax/tax/handler.go:140.16,142.3 1 0
github.com/plakak13/assessment-tax/tax/handler.go:144.2,144.62 1 1
github.com/plakak13/assessment-tax/tax/handler.go:144.62,146.3 1 0
github.com/plakak13/assessment-tax/tax/handler.go:148.2,148.33 1 1
github.com/plakak13/assessment-tax/tax/handler.go:148.33,150.3 1 1
github.com/plakak13/assessment-tax/tax/handler.go:152.2,155.16 3 1
github.com/plakak13/assessment-tax/tax/handler.go:155.16,157.3 1 0
github.com/plakak13/assessment-tax/tax/handler.go:158.2,160.25 2 1
github.com/plakak13/assessment-tax/tax/handler.go:160.25,162.12 1 1
github.com/plakak13/assessment-tax/tax/handler.go:162.12,164.18 2 1
github.com/plakak13/assessment-tax/tax/handler.go:164.18,166.5 1 0
github.com/plakak13/assessment-tax/tax/handler.go:168.4,169.18 2 1
github.com/plakak13/assessment-tax/tax/handler.go:169.18,171.5 1 0
github.com/plakak13/assessment-tax/tax/handler.go:173.4,174.18 2 1
github.com/plakak13/assessment-tax/tax/handler.go:174.18,176.5 1 0
github.com/plakak13/assessment-tax/tax/handler.go:178.4,189.45 2 1
github.com/plakak13/assessment-tax/tax/handler.go:189.45,191.5 1 0
github.com/plakak13/assessment-tax/tax/handler.go:193.4,204.18 4 1
github.com/plakak13/assessment-tax/tax/handler.go:204.18,206.5 1 0
github.com/plakak13/assessment-tax/tax/handler.go:208.4,208.64 1 1
github.com/plakak13/assessment-tax/tax/handler.go:208.64,210.5 1 1
github.com/plakak13/assessment-tax/tax/handler.go:212.4,214.20 2 1
github.com/plakak13/assessment-tax/tax/handler.go:214.20,216.5 1 0
github.com/plakak13/assessment-tax/tax/handler.go:216.10,218.5 1 1
github.com/plakak13/assessment-tax/tax/handler.go:220.4,227.28 3 1
github.com/plakak13/assessment-tax/tax/handler.go:232.2,232.36 1 1
github.com/plakak13/assessment-tax/tax/handler.go:235.81,237.2 1 0
github.com/plakak13/assessment-tax/tax/handler.go:239.68,241.63 1 1
github.com/plakak13/assessment-tax/tax/handler.go:241.63,243.3 1 1
github.com/plakak13/assessment-tax/tax/handler.go:245.2,245.33 1 1
github.com/plakak13/assessment-tax/tax/handler.go:245.33,246.33 1 1
github.com/plakak13/assessment-tax/tax/handler.go:246.33,247.73 1 1
github.com/plakak13/assessment-tax/tax/handler.go:247.73,249.5 1 0
github.com/plakak13/assessment-tax/tax/handler.go:252.2,252.12 1 1
github.com/plakak13/assessment-tax/tax/handler.go:255.79,261.2 4 1
github.com/plakak13/assessment-tax/tax/handler.go:263.62,265.25 2 1
github.com/plakak13/assessment-tax/tax/handler.go:265.25,266.40 1 1
github.com/plakak13/assessment-tax/tax/handler.go:266.40,268.4 1 1
github.com/plakak13/assessment-tax/tax/handler.go:269.3,269.26 1 1
github.com/plakak13/assessment-tax/tax/handler.go:269.26,270.46 1 1
github.com/plakak13/assessment-tax/tax/handler.go:270.46,271.42 1 1
github.com/plakak13/assessment-tax/tax/handler.go:271.42,273.6 1 1
github.com/plakak13/assessment-tax/tax/handler.go:273.11,275.6 1 0
github.com/plakak13/assessment-tax/tax/handler.go:279.2,279.18 1 1
github.com/plakak13/assessment-tax/tax/handler.go:282.41,285.2 2 1
github.com/plakak13/assessment-tax/tax/handler.go:287.46,288.22 1 1
github.com/plakak13/assessment-tax/tax/handler.go:288.22,290.3 1 1
github.com/plakak13/assessment-tax/tax/handler.go:292.2,292.19 1 1
github.com/plakak13/assessment-tax/tax/handler.go:292.19,293.19 1 1
github.com/plakak13/assessment-tax/tax/handler.go:293.19,295.4 1 0
github.com/plakak13/assessment-tax/tax/handler.go:297.2,297.13 1 1
github.com/plakak13/assessment-tax/postgres/admin.go:15.73,20.16 3 1
github.com/plakak13/assessment-tax/postgres/admin.go:20.16,22.3 1 0
github.com/plakak13/assessment-tax/postgres/admin.go:24.2,24.12 1 1
github.com/plakak13/assessment-tax/postgres/postgres.go:20.31,22.16 2 0
github.com/plakak13/assessment-tax/postgres/postgres.go:22.16,24.3 1 0
github.com/plakak13/assessment-tax/postgres/postgres.go:26.2,29.16 3 0
github.com/plakak13/assessment-tax/postgres/postgres.go:29.16,32.3 2 0
github.com/plakak13/assessment-tax/postgres/postgres.go:33.2,34.16 2 0
github.com/plakak13/assessment-tax/postgres/postgres.go:34.16,36.3 1 0
github.com/plakak13/assessment-tax/postgres/postgres.go:37.2,37.31 1 0
github.com/plakak13/assessment-tax/postgres/tax.go:31.92,33.30 1 1
github.com/plakak13/assessment-tax/postgres/tax.go:33.30,35.3 1 1
github.com/plakak13/assessment-tax/postgres/tax.go:37.2,42.37 4 1
github.com/plakak13/assessment-tax/postgres/tax.go:42.37,45.32 3 1
github.com/plakak13/assessment-tax/postgres/tax.go:45.32,47.4 1 1
github.com/plakak13/assessment-tax/postgres/tax.go:49.2,52.16 3 1
github.com/plakak13/assessment-tax/postgres/tax.go:52.16,54.3 1 1
github.com/plakak13/assessment-tax/postgres/tax.go:56.2,57.16 2 1
github.com/plakak13/assessment-tax/postgres/tax.go:57.16,59.3 1 1
github.com/plakak13/assessment-tax/postgres/tax.go:61.2,63.18 2 1
github.com/plakak13/assessment-tax/postgres/tax.go:63.18,73.17 3 1
github.com/plakak13/assessment-tax/postgres/tax.go:73.17,75.4 1 1
github.com/plakak13/assessment-tax/postgres/tax.go:76.3,83.5 1 1
github.com/plakak13/assessment-tax/postgres/tax.go:86.2,86.16 1 1
github.com/plakak13/assessment-tax/postgres/tax.go:89.77,98.16 5 1
github.com/plakak13/assessment-tax/postgres/tax.go:98.16,99.36 1 1
github.com/plakak13/assessment-tax/postgres/tax.go:99.36,101.4 1 1
github.com/plakak13/assessment-tax/postgres/tax.go:102.3,102.28 1 1
github.com/plakak13/assessment-tax/postgres/tax.go:105.2,105.15 1 1
github.com/plakak13/assessment-tax/postgres/tax.go:108.54,111.16 3 0
github.com/plakak13/assessment-tax/postgres/tax.go:111.16,113.3 1 0
github.com/plakak13/assessment-tax/postgres/tax.go:115.2,118.18 3 0
github.com/plakak13/assessment-tax/postgres/tax.go:118.18,121.17 3 0
github.com/plakak13/assessment-tax/postgres/tax.go:121.17,123.4 1 0
github.com/plakak13/assessment-tax/postgres/tax.go:124.3,128.5 1 0
github.com/plakak13/assessment-tax/postgres/tax.go:130.2,130.16 1 0
